Using pre-set license
Built from '2020.3/staging' branch; Version is '2020.3.26f1 (7298b473bc1a) revision 7510196'; Using compiler version '192528614'; Build Type 'Release'
OS: 'Windows 10  (10.0.19044) 64bit Professional' Language: 'pl' Physical Memory: 32693 MB
BatchMode: 1, IsHumanControllingUs: 0, StartBugReporterOnCrash: 0, Is64bit: 1, IsPro: 0

COMMAND LINE ARGUMENTS:
F:\Unity\2020.3.26f1\Editor\Unity.exe
-adb2
-batchMode
-noUpm
-name
AssetImportWorker0
-projectPath
C:/Users/Wojciech Nietresta/Documents/GitHub/UnityZaliczenie/Zaliczenie
-logFile
Logs/AssetImportWorker0.log
-srvPort
62761
Successfully changed project path to: C:/Users/Wojciech Nietresta/Documents/GitHub/UnityZaliczenie/Zaliczenie
C:/Users/Wojciech Nietresta/Documents/GitHub/UnityZaliczenie/Zaliczenie
Using Asset Import Pipeline V2.
Refreshing native plugins compatible for Editor in 40.17 ms, found 3 plugins.
Preloading 0 native plugins for Editor in 0.00 ms.
Initialize engine version: 2020.3.26f1 (7298b473bc1a)
[Subsystems] Discovering subsystems at path F:/Unity/2020.3.26f1/Editor/Data/Resources/UnitySubsystems
[Subsystems] Discovering subsystems at path C:/Users/Wojciech Nietresta/Documents/GitHub/UnityZaliczenie/Zaliczenie/Assets
GfxDevice: creating device client; threaded=0
Direct3D:
    Version:  Direct3D 11.0 [level 11.1]
    Renderer: NVIDIA GeForce RTX 3060 Ti (ID=0x2489)
    Vendor:   
    VRAM:     8050 MB
    Driver:   30.0.15.1123
Initialize mono
Mono path[0] = 'F:/Unity/2020.3.26f1/Editor/Data/Managed'
Mono path[1] = 'F:/Unity/2020.3.26f1/Editor/Data/MonoBleedingEdge/lib/mono/unityjit'
Mono config path = 'F:/Unity/2020.3.26f1/Editor/Data/MonoBleedingEdge/etc'
Using monoOptions --debugger-agent=transport=dt_socket,embedding=1,server=y,suspend=n,address=127.0.0.1:56548
Begin MonoManager ReloadAssembly
Registering precompiled unity dll's ...
Register platform support module: F:/Unity/2020.3.26f1/Editor/Data/PlaybackEngines/WebGLSupport/UnityEditor.WebGL.Extensions.dll
Register platform support module: F:/Unity/2020.3.26f1/Editor/Data/PlaybackEngines/WindowsStandaloneSupport/UnityEditor.WindowsStandalone.Extensions.dll
Registered in 0.001094 seconds.
Native extension for WindowsStandalone target not found
Native extension for WebGL target not found
Refreshing native plugins compatible for Editor in 40.30 ms, found 3 plugins.
Preloading 0 native plugins for Editor in 0.00 ms.
Mono: successfully reloaded assembly
- Completed reload, in  0.470 seconds
Domain Reload Profiling:
	ReloadAssembly (470ms)
		BeginReloadAssembly (41ms)
			ExecutionOrderSort (0ms)
			DisableScriptedObjects (0ms)
			BackupInstance (0ms)
			ReleaseScriptingObjects (0ms)
			CreateAndSetChildDomain (1ms)
		EndReloadAssembly (372ms)
			LoadAssemblies (41ms)
			RebuildTransferFunctionScriptingTraits (0ms)
			SetupTypeCache (122ms)
			ReleaseScriptCaches (0ms)
			RebuildScriptCaches (26ms)
			SetupLoadedEditorAssemblies (143ms)
				LogAssemblyErrors (0ms)
				InitializePlatformSupportModulesInManaged (4ms)
				SetLoadedEditorAssemblies (0ms)
				RefreshPlugins (40ms)
				BeforeProcessingInitializeOnLoad (8ms)
				ProcessInitializeOnLoadAttributes (67ms)
				ProcessInitializeOnLoadMethodAttributes (23ms)
				AfterProcessingInitializeOnLoad (0ms)
				EditorAssembliesLoaded (0ms)
			ExecutionOrderSort2 (0ms)
			AwakeInstancesAfterBackupRestoration (0ms)
Platform modules already initialized, skipping
Registering precompiled user dll's ...
Registered in 0.004045 seconds.
Begin MonoManager ReloadAssembly
Native extension for WindowsStandalone target not found
Native extension for WebGL target not found
Refreshing native plugins compatible for Editor in 40.00 ms, found 3 plugins.
Preloading 0 native plugins for Editor in 0.00 ms.
Mono: successfully reloaded assembly
- Completed reload, in  0.909 seconds
Domain Reload Profiling:
	ReloadAssembly (910ms)
		BeginReloadAssembly (119ms)
			ExecutionOrderSort (0ms)
			DisableScriptedObjects (4ms)
			BackupInstance (0ms)
			ReleaseScriptingObjects (0ms)
			CreateAndSetChildDomain (18ms)
		EndReloadAssembly (741ms)
			LoadAssemblies (73ms)
			RebuildTransferFunctionScriptingTraits (0ms)
			SetupTypeCache (248ms)
			ReleaseScriptCaches (0ms)
			RebuildScriptCaches (41ms)
			SetupLoadedEditorAssemblies (277ms)
				LogAssemblyErrors (0ms)
				InitializePlatformSupportModulesInManaged (3ms)
				SetLoadedEditorAssemblies (0ms)
				RefreshPlugins (40ms)
				BeforeProcessingInitializeOnLoad (57ms)
				ProcessInitializeOnLoadAttributes (162ms)
				ProcessInitializeOnLoadMethodAttributes (13ms)
				AfterProcessingInitializeOnLoad (2ms)
				EditorAssembliesLoaded (0ms)
			ExecutionOrderSort2 (0ms)
			AwakeInstancesAfterBackupRestoration (5ms)
Platform modules already initialized, skipping
========================================================================
Worker process is ready to serve import requests
Launched and connected shader compiler UnityShaderCompiler.exe after 0.05 seconds
Refreshing native plugins compatible for Editor in 0.53 ms, found 3 plugins.
Preloading 0 native plugins for Editor in 0.00 ms.
Unloading 2202 Unused Serialized files (Serialized files now loaded: 0)
System memory in use before: 96.1 MB.
System memory in use after: 96.2 MB.

Unloading 28 unused Assets to reduce memory usage. Loaded Objects now: 2636.
Total: 2.983800 ms (FindLiveObjects: 0.204100 ms CreateObjectMapping: 0.046000 ms MarkObjects: 2.671500 ms  DeleteObjects: 0.060700 ms)

AssetImportParameters requested are different than current active one (requested -> active):
  custom:framework-win-MediaFoundation: 216162199b28c13a410421893ffa2e32 -> 
  custom:video-decoder-ogg-theora: a1e56fd34408186e4bbccfd4996cb3dc -> 
  custom:container-muxer-webm: aa71ff27fc2769a1b78a27578f13a17b -> 
  custom:container-demuxer-webm: 4f35f7cbe854078d1ac9338744f61a02 -> 
  custom:container-demuxer-ogg: 62fdf1f143b41e24485cea50d1cbac27 -> 
  custom:video-encoder-webm-vp8: eb34c28f22e8b96e1ab97ce403110664 -> 
  custom:video-decoder-webm-vp8: 9c59270c3fd7afecdb556c50c9e8de78 -> 
  custom:audio-decoder-ogg-vorbis: bf7c407c2cedff20999df2af8eb42d56 -> 
  custom:audio-encoder-webm-vorbis: bf7c407c2cedff20999df2af8eb42d56 -> 
========================================================================
Received Import Request.
  path: ProjectSettings/TagManager.asset
  artifactKey: Guid(00000000000000003000000000000000) Importer(815301076,1909f56bfc062723c751e8b465ee728b)
Start importing ProjectSettings/TagManager.asset using Guid(00000000000000003000000000000000) Importer(815301076,1909f56bfc062723c751e8b465ee728b)  -> (artifact id: '1666d2eb041d2577b3b321604e6e5e28') in 0.030927 seconds 
  Import took 0.034036 seconds .

========================================================================
Received Import Request.
  Time since last request: 482.666719 seconds.
  path: Assets/Prefabs/AlienBullet.prefab
  artifactKey: Guid(642cd50eb4a4d7c4aa421a5f78b1d055) Importer(815301076,1909f56bfc062723c751e8b465ee728b)
Start importing Assets/Prefabs/AlienBullet.prefab using Guid(642cd50eb4a4d7c4aa421a5f78b1d055) Importer(815301076,1909f56bfc062723c751e8b465ee728b)  -> (artifact id: 'cb551b0fe3c5a454c518ea06f970ea73') in 0.060433 seconds 
  Import took 0.064124 seconds .

========================================================================
Received Import Request.
  Time since last request: 8.860570 seconds.
  path: Assets/Prefabs/AlienBullet.prefab
  artifactKey: Guid(642cd50eb4a4d7c4aa421a5f78b1d055) Importer(815301076,1909f56bfc062723c751e8b465ee728b)
Start importing Assets/Prefabs/AlienBullet.prefab using Guid(642cd50eb4a4d7c4aa421a5f78b1d055) Importer(815301076,1909f56bfc062723c751e8b465ee728b)  -> (artifact id: '8be165f2f357d897e554be9d0884f049') in 0.009347 seconds 
  Import took 0.012753 seconds .

========================================================================
Received Import Request.
  Time since last request: 8.491931 seconds.
  path: Assets/Prefabs/AlienBullet.prefab
  artifactKey: Guid(642cd50eb4a4d7c4aa421a5f78b1d055) Importer(815301076,1909f56bfc062723c751e8b465ee728b)
Start importing Assets/Prefabs/AlienBullet.prefab using Guid(642cd50eb4a4d7c4aa421a5f78b1d055) Importer(815301076,1909f56bfc062723c751e8b465ee728b)  -> (artifact id: '8931aa745357559b4c106e23e3fbaba2') in 0.008132 seconds 
  Import took 0.011695 seconds .

========================================================================
Received Import Request.
  Time since last request: 4.418073 seconds.
  path: Assets/Prefabs/AlienBullet.prefab
  artifactKey: Guid(642cd50eb4a4d7c4aa421a5f78b1d055) Importer(815301076,1909f56bfc062723c751e8b465ee728b)
Start importing Assets/Prefabs/AlienBullet.prefab using Guid(642cd50eb4a4d7c4aa421a5f78b1d055) Importer(815301076,1909f56bfc062723c751e8b465ee728b)  -> (artifact id: '4b3efe30a176d29c3d11ea0224e9935e') in 0.008263 seconds 
  Import took 0.011908 seconds .

========================================================================
Received Import Request.
  Time since last request: 1.512677 seconds.
  path: Assets/Prefabs/AlienBullet.prefab
  artifactKey: Guid(642cd50eb4a4d7c4aa421a5f78b1d055) Importer(815301076,1909f56bfc062723c751e8b465ee728b)
Start importing Assets/Prefabs/AlienBullet.prefab using Guid(642cd50eb4a4d7c4aa421a5f78b1d055) Importer(815301076,1909f56bfc062723c751e8b465ee728b)  -> (artifact id: '8c32f811c97c39aae475b2eb7c7f2b15') in 0.007166 seconds 
  Import took 0.010639 seconds .

========================================================================
Received Import Request.
  Time since last request: 3.820156 seconds.
  path: Assets/Prefabs/AlienBullet.prefab
  artifactKey: Guid(642cd50eb4a4d7c4aa421a5f78b1d055) Importer(815301076,1909f56bfc062723c751e8b465ee728b)
Start importing Assets/Prefabs/AlienBullet.prefab using Guid(642cd50eb4a4d7c4aa421a5f78b1d055) Importer(815301076,1909f56bfc062723c751e8b465ee728b)  -> (artifact id: '8eca6f9663403600c2a3d3ff8f2ffcb0') in 0.007766 seconds 
  Import took 0.011246 seconds .

========================================================================
Received Import Request.
  Time since last request: 2.338617 seconds.
  path: Assets/Prefabs/AlienBullet.prefab
  artifactKey: Guid(642cd50eb4a4d7c4aa421a5f78b1d055) Importer(815301076,1909f56bfc062723c751e8b465ee728b)
Start importing Assets/Prefabs/AlienBullet.prefab using Guid(642cd50eb4a4d7c4aa421a5f78b1d055) Importer(815301076,1909f56bfc062723c751e8b465ee728b)  -> (artifact id: '1c9f06d54d35d20ebcb414ebf065256a') in 0.007507 seconds 
  Import took 0.011095 seconds .

========================================================================
Received Import Request.
  Time since last request: 1.175752 seconds.
  path: Assets/Prefabs/AlienBullet.prefab
  artifactKey: Guid(642cd50eb4a4d7c4aa421a5f78b1d055) Importer(815301076,1909f56bfc062723c751e8b465ee728b)
Start importing Assets/Prefabs/AlienBullet.prefab using Guid(642cd50eb4a4d7c4aa421a5f78b1d055) Importer(815301076,1909f56bfc062723c751e8b465ee728b)  -> (artifact id: '8de9d3bd283180044f3512ad1022630a') in 0.009019 seconds 
  Import took 0.012542 seconds .

========================================================================
Received Import Request.
  Time since last request: 3.624679 seconds.
  path: Assets/Prefabs/AlienBullet.prefab
  artifactKey: Guid(642cd50eb4a4d7c4aa421a5f78b1d055) Importer(815301076,1909f56bfc062723c751e8b465ee728b)
Start importing Assets/Prefabs/AlienBullet.prefab using Guid(642cd50eb4a4d7c4aa421a5f78b1d055) Importer(815301076,1909f56bfc062723c751e8b465ee728b)  -> (artifact id: 'be30eafef58f79a996b20662691f5bcd') in 0.008683 seconds 
  Import took 0.012427 seconds .

========================================================================
Received Import Request.
  Time since last request: 50.581562 seconds.
  path: Assets/Prefabs/Shield.prefab
  artifactKey: Guid(97c4e976cfb003f48bb8b90845f1f00b) Importer(815301076,1909f56bfc062723c751e8b465ee728b)
Start importing Assets/Prefabs/Shield.prefab using Guid(97c4e976cfb003f48bb8b90845f1f00b) Importer(815301076,1909f56bfc062723c751e8b465ee728b)  -> (artifact id: 'c01373682afeef23a711d79780c6bbdf') in 0.010665 seconds 
  Import took 0.014098 seconds .

========================================================================
Received Import Request.
  Time since last request: 38.136023 seconds.
  path: Assets/Prefabs/Shield.prefab
  artifactKey: Guid(97c4e976cfb003f48bb8b90845f1f00b) Importer(815301076,1909f56bfc062723c751e8b465ee728b)
Start importing Assets/Prefabs/Shield.prefab using Guid(97c4e976cfb003f48bb8b90845f1f00b) Importer(815301076,1909f56bfc062723c751e8b465ee728b)  -> (artifact id: 'f6f69ab87b28edbf13c1bb22ae7f7202') in 0.007574 seconds 
  Import took 0.011019 seconds .

========================================================================
Received Prepare
Registering precompiled user dll's ...
Registered in 0.004095 seconds.
Begin MonoManager ReloadAssembly
Native extension for WindowsStandalone target not found
Native extension for WebGL target not found
Refreshing native plugins compatible for Editor in 0.54 ms, found 3 plugins.
Preloading 0 native plugins for Editor in 0.00 ms.
Mono: successfully reloaded assembly
- Completed reload, in  0.805 seconds
Domain Reload Profiling:
	ReloadAssembly (805ms)
		BeginReloadAssembly (99ms)
			ExecutionOrderSort (0ms)
			DisableScriptedObjects (5ms)
			BackupInstance (0ms)
			ReleaseScriptingObjects (0ms)
			CreateAndSetChildDomain (32ms)
		EndReloadAssembly (657ms)
			LoadAssemblies (71ms)
			RebuildTransferFunctionScriptingTraits (0ms)
			SetupTypeCache (234ms)
			ReleaseScriptCaches (1ms)
			RebuildScriptCaches (35ms)
			SetupLoadedEditorAssemblies (236ms)
				LogAssemblyErrors (0ms)
				InitializePlatformSupportModulesInManaged (4ms)
				SetLoadedEditorAssemblies (0ms)
				RefreshPlugins (1ms)
				BeforeProcessingInitializeOnLoad (55ms)
				ProcessInitializeOnLoadAttributes (165ms)
				ProcessInitializeOnLoadMethodAttributes (8ms)
				AfterProcessingInitializeOnLoad (2ms)
				EditorAssembliesLoaded (0ms)
			ExecutionOrderSort2 (0ms)
			AwakeInstancesAfterBackupRestoration (7ms)
Platform modules already initialized, skipping
Refreshing native plugins compatible for Editor in 0.51 ms, found 3 plugins.
Preloading 0 native plugins for Editor in 0.00 ms.
Unloading 2191 Unused Serialized files (Serialized files now loaded: 0)
System memory in use before: 98.4 MB.
System memory in use after: 98.5 MB.

Unloading 18 unused Assets to reduce memory usage. Loaded Objects now: 2645.
Total: 2.934800 ms (FindLiveObjects: 0.197200 ms CreateObjectMapping: 0.049500 ms MarkObjects: 2.671600 ms  DeleteObjects: 0.015500 ms)

AssetImportParameters requested are different than current active one (requested -> active):
  custom:framework-win-MediaFoundation: 216162199b28c13a410421893ffa2e32 -> 
  custom:video-decoder-ogg-theora: a1e56fd34408186e4bbccfd4996cb3dc -> 
  custom:container-muxer-webm: aa71ff27fc2769a1b78a27578f13a17b -> 
  custom:container-demuxer-webm: 4f35f7cbe854078d1ac9338744f61a02 -> 
  custom:container-demuxer-ogg: 62fdf1f143b41e24485cea50d1cbac27 -> 
  custom:video-encoder-webm-vp8: eb34c28f22e8b96e1ab97ce403110664 -> 
  custom:video-decoder-webm-vp8: 9c59270c3fd7afecdb556c50c9e8de78 -> 
  custom:audio-decoder-ogg-vorbis: bf7c407c2cedff20999df2af8eb42d56 -> 
  custom:audio-encoder-webm-vorbis: bf7c407c2cedff20999df2af8eb42d56 -> 
========================================================================
Received Prepare
Registering precompiled user dll's ...
Registered in 0.004004 seconds.
Begin MonoManager ReloadAssembly
Native extension for WindowsStandalone target not found
Native extension for WebGL target not found
Refreshing native plugins compatible for Editor in 0.56 ms, found 3 plugins.
Preloading 0 native plugins for Editor in 0.00 ms.
Mono: successfully reloaded assembly
- Completed reload, in  0.832 seconds
Domain Reload Profiling:
	ReloadAssembly (832ms)
		BeginReloadAssembly (91ms)
			ExecutionOrderSort (0ms)
			DisableScriptedObjects (5ms)
			BackupInstance (0ms)
			ReleaseScriptingObjects (0ms)
			CreateAndSetChildDomain (32ms)
		EndReloadAssembly (690ms)
			LoadAssemblies (72ms)
			RebuildTransferFunctionScriptingTraits (0ms)
			SetupTypeCache (246ms)
			ReleaseScriptCaches (1ms)
			RebuildScriptCaches (36ms)
			SetupLoadedEditorAssemblies (251ms)
				LogAssemblyErrors (0ms)
				InitializePlatformSupportModulesInManaged (4ms)
				SetLoadedEditorAssemblies (0ms)
				RefreshPlugins (1ms)
				BeforeProcessingInitializeOnLoad (52ms)
				ProcessInitializeOnLoadAttributes (182ms)
				ProcessInitializeOnLoadMethodAttributes (9ms)
				AfterProcessingInitializeOnLoad (2ms)
				EditorAssembliesLoaded (0ms)
			ExecutionOrderSort2 (0ms)
			AwakeInstancesAfterBackupRestoration (9ms)
Platform modules already initialized, skipping
Refreshing native plugins compatible for Editor in 0.54 ms, found 3 plugins.
Preloading 0 native plugins for Editor in 0.00 ms.
Unloading 2191 Unused Serialized files (Serialized files now loaded: 0)
System memory in use before: 98.5 MB.
System memory in use after: 98.6 MB.

Unloading 17 unused Assets to reduce memory usage. Loaded Objects now: 2647.
Total: 3.561000 ms (FindLiveObjects: 0.312800 ms CreateObjectMapping: 0.206100 ms MarkObjects: 3.020000 ms  DeleteObjects: 0.021100 ms)

AssetImportParameters requested are different than current active one (requested -> active):
  custom:framework-win-MediaFoundation: 216162199b28c13a410421893ffa2e32 -> 
  custom:video-decoder-ogg-theora: a1e56fd34408186e4bbccfd4996cb3dc -> 
  custom:container-muxer-webm: aa71ff27fc2769a1b78a27578f13a17b -> 
  custom:container-demuxer-webm: 4f35f7cbe854078d1ac9338744f61a02 -> 
  custom:container-demuxer-ogg: 62fdf1f143b41e24485cea50d1cbac27 -> 
  custom:video-encoder-webm-vp8: eb34c28f22e8b96e1ab97ce403110664 -> 
  custom:video-decoder-webm-vp8: 9c59270c3fd7afecdb556c50c9e8de78 -> 
  custom:audio-decoder-ogg-vorbis: bf7c407c2cedff20999df2af8eb42d56 -> 
  custom:audio-encoder-webm-vorbis: bf7c407c2cedff20999df2af8eb42d56 -> 
========================================================================
Received Import Request.
  Time since last request: 266.454255 seconds.
  path: Assets/Scripts/Alien.cs
  artifactKey: Guid(821027bd639f7004499eaf80cbff51bd) Importer(815301076,1909f56bfc062723c751e8b465ee728b)
Start importing Assets/Scripts/Alien.cs using Guid(821027bd639f7004499eaf80cbff51bd) Importer(815301076,1909f56bfc062723c751e8b465ee728b)  -> (artifact id: '87bcfecfde608261094df7113f0ba399') in 0.008799 seconds 
  Import took 0.012162 seconds .

========================================================================
Received Import Request.
  Time since last request: 17.358842 seconds.
  path: Assets/Prefabs/AlienBullet.prefab
  artifactKey: Guid(642cd50eb4a4d7c4aa421a5f78b1d055) Importer(815301076,1909f56bfc062723c751e8b465ee728b)
Start importing Assets/Prefabs/AlienBullet.prefab using Guid(642cd50eb4a4d7c4aa421a5f78b1d055) Importer(815301076,1909f56bfc062723c751e8b465ee728b)  -> (artifact id: '00392de2d2940fd973070781ab39ee3a') in 0.040728 seconds 
  Import took 0.044110 seconds .

========================================================================
Received Import Request.
  Time since last request: 67.445243 seconds.
  path: Assets/Prefabs/Alien2.prefab
  artifactKey: Guid(7a4c6b12ec53a7a4bb0c4cca775ced62) Importer(815301076,1909f56bfc062723c751e8b465ee728b)
Start importing Assets/Prefabs/Alien2.prefab using Guid(7a4c6b12ec53a7a4bb0c4cca775ced62) Importer(815301076,1909f56bfc062723c751e8b465ee728b)  -> (artifact id: '8bf3de7795bd82b6ba6ce03070728b47') in 0.013126 seconds 
  Import took 0.016507 seconds .

========================================================================
Received Import Request.
  Time since last request: 8.587491 seconds.
  path: Assets/Prefabs/Alien3.prefab
  artifactKey: Guid(1c7da00a9f09b2546b9bf5313b23becd) Importer(815301076,1909f56bfc062723c751e8b465ee728b)
Start importing Assets/Prefabs/Alien3.prefab using Guid(1c7da00a9f09b2546b9bf5313b23becd) Importer(815301076,1909f56bfc062723c751e8b465ee728b)  -> (artifact id: '1279710df8caff477220971b367b4b0d') in 0.011589 seconds 
  Import took 0.015150 seconds .

========================================================================
Received Import Request.
  Time since last request: 3.395386 seconds.
  path: Assets/Prefabs/Alien4.prefab
  artifactKey: Guid(c7b9f107142699a46b4df9e50a67206e) Importer(815301076,1909f56bfc062723c751e8b465ee728b)
Start importing Assets/Prefabs/Alien4.prefab using Guid(c7b9f107142699a46b4df9e50a67206e) Importer(815301076,1909f56bfc062723c751e8b465ee728b)  -> (artifact id: 'aca1d3649553d340df7088dbd92d7e97') in 0.012429 seconds 
  Import took 0.015880 seconds .

========================================================================
Received Import Request.
  Time since last request: 2.663454 seconds.
  path: Assets/Prefabs/Alien5.prefab
  artifactKey: Guid(bcc3adaa2a86e464ab5ab0015956f0a4) Importer(815301076,1909f56bfc062723c751e8b465ee728b)
Start importing Assets/Prefabs/Alien5.prefab using Guid(bcc3adaa2a86e464ab5ab0015956f0a4) Importer(815301076,1909f56bfc062723c751e8b465ee728b)  -> (artifact id: 'ca7c696a8c1850876a2fd8c9cc962518') in 0.009297 seconds 
  Import took 0.012944 seconds .

========================================================================
Received Import Request.
  Time since last request: 9.113259 seconds.
  path: Assets/Prefabs/Alien2.prefab
  artifactKey: Guid(7a4c6b12ec53a7a4bb0c4cca775ced62) Importer(815301076,1909f56bfc062723c751e8b465ee728b)
Start importing Assets/Prefabs/Alien2.prefab using Guid(7a4c6b12ec53a7a4bb0c4cca775ced62) Importer(815301076,1909f56bfc062723c751e8b465ee728b)  -> (artifact id: '842026bf377fe687e8dcdf72c759b673') in 0.008475 seconds 
  Import took 0.012054 seconds .

========================================================================
Received Import Request.
  Time since last request: 13.746929 seconds.
  path: Assets/Prefabs/Alien3.prefab
  artifactKey: Guid(1c7da00a9f09b2546b9bf5313b23becd) Importer(815301076,1909f56bfc062723c751e8b465ee728b)
Start importing Assets/Prefabs/Alien3.prefab using Guid(1c7da00a9f09b2546b9bf5313b23becd) Importer(815301076,1909f56bfc062723c751e8b465ee728b)  -> (artifact id: '033deb0ea00b24535ebabca014dca92f') in 0.008895 seconds 
  Import took 0.012374 seconds .

========================================================================
Received Import Request.
  Time since last request: 7.953157 seconds.
  path: Assets/Prefabs/Alien4.prefab
  artifactKey: Guid(c7b9f107142699a46b4df9e50a67206e) Importer(815301076,1909f56bfc062723c751e8b465ee728b)
Start importing Assets/Prefabs/Alien4.prefab using Guid(c7b9f107142699a46b4df9e50a67206e) Importer(815301076,1909f56bfc062723c751e8b465ee728b)  -> (artifact id: '23c6a3b2283d939c8b5ab2330a08554d') in 0.009284 seconds 
  Import took 0.012687 seconds .

========================================================================
Received Import Request.
  Time since last request: 0.000156 seconds.
  path: Assets/Prefabs/Alien5.prefab
  artifactKey: Guid(bcc3adaa2a86e464ab5ab0015956f0a4) Importer(815301076,1909f56bfc062723c751e8b465ee728b)
Start importing Assets/Prefabs/Alien5.prefab using Guid(bcc3adaa2a86e464ab5ab0015956f0a4) Importer(815301076,1909f56bfc062723c751e8b465ee728b)  -> (artifact id: 'b838166de99318e6259e38d3953a09a9') in 0.013429 seconds 
  Import took 0.016448 seconds .

========================================================================
Received Prepare
Registering precompiled user dll's ...
Registered in 0.003940 seconds.
Begin MonoManager ReloadAssembly
Native extension for WindowsStandalone target not found
Native extension for WebGL target not found
Refreshing native plugins compatible for Editor in 0.65 ms, found 3 plugins.
Preloading 0 native plugins for Editor in 0.00 ms.
Mono: successfully reloaded assembly
- Completed reload, in  0.817 seconds
Domain Reload Profiling:
	ReloadAssembly (817ms)
		BeginReloadAssembly (94ms)
			ExecutionOrderSort (0ms)
			DisableScriptedObjects (5ms)
			BackupInstance (0ms)
			ReleaseScriptingObjects (0ms)
			CreateAndSetChildDomain (32ms)
		EndReloadAssembly (672ms)
			LoadAssemblies (72ms)
			RebuildTransferFunctionScriptingTraits (0ms)
			SetupTypeCache (246ms)
			ReleaseScriptCaches (1ms)
			RebuildScriptCaches (36ms)
			SetupLoadedEditorAssemblies (234ms)
				LogAssemblyErrors (0ms)
				InitializePlatformSupportModulesInManaged (4ms)
				SetLoadedEditorAssemblies (1ms)
				RefreshPlugins (1ms)
				BeforeProcessingInitializeOnLoad (53ms)
				ProcessInitializeOnLoadAttributes (164ms)
				ProcessInitializeOnLoadMethodAttributes (8ms)
				AfterProcessingInitializeOnLoad (2ms)
				EditorAssembliesLoaded (0ms)
			ExecutionOrderSort2 (0ms)
			AwakeInstancesAfterBackupRestoration (7ms)
Platform modules already initialized, skipping
Refreshing native plugins compatible for Editor in 0.57 ms, found 3 plugins.
Preloading 0 native plugins for Editor in 0.00 ms.
Unloading 2191 Unused Serialized files (Serialized files now loaded: 0)
System memory in use before: 98.5 MB.
System memory in use after: 98.6 MB.

Unloading 17 unused Assets to reduce memory usage. Loaded Objects now: 2650.
Total: 2.973300 ms (FindLiveObjects: 0.194200 ms CreateObjectMapping: 0.048400 ms MarkObjects: 2.715400 ms  DeleteObjects: 0.014400 ms)

AssetImportParameters requested are different than current active one (requested -> active):
  custom:framework-win-MediaFoundation: 216162199b28c13a410421893ffa2e32 -> 
  custom:video-decoder-ogg-theora: a1e56fd34408186e4bbccfd4996cb3dc -> 
  custom:container-muxer-webm: aa71ff27fc2769a1b78a27578f13a17b -> 
  custom:container-demuxer-webm: 4f35f7cbe854078d1ac9338744f61a02 -> 
  custom:container-demuxer-ogg: 62fdf1f143b41e24485cea50d1cbac27 -> 
  custom:video-encoder-webm-vp8: eb34c28f22e8b96e1ab97ce403110664 -> 
  custom:video-decoder-webm-vp8: 9c59270c3fd7afecdb556c50c9e8de78 -> 
  custom:audio-decoder-ogg-vorbis: bf7c407c2cedff20999df2af8eb42d56 -> 
  custom:audio-encoder-webm-vorbis: bf7c407c2cedff20999df2af8eb42d56 -> 
========================================================================
Received Import Request.
  Time since last request: 46.584081 seconds.
  path: Assets/Prefabs/Alien2.prefab
  artifactKey: Guid(7a4c6b12ec53a7a4bb0c4cca775ced62) Importer(815301076,1909f56bfc062723c751e8b465ee728b)
Start importing Assets/Prefabs/Alien2.prefab using Guid(7a4c6b12ec53a7a4bb0c4cca775ced62) Importer(815301076,1909f56bfc062723c751e8b465ee728b)  -> (artifact id: '8b164b5b4842f5215e5bbad831df1e2f') in 0.043963 seconds 
  Import took 0.047421 seconds .

========================================================================
Received Import Request.
  Time since last request: 1.605232 seconds.
  path: Assets/Prefabs/Alien2.prefab
  artifactKey: Guid(7a4c6b12ec53a7a4bb0c4cca775ced62) Importer(815301076,1909f56bfc062723c751e8b465ee728b)
Start importing Assets/Prefabs/Alien2.prefab using Guid(7a4c6b12ec53a7a4bb0c4cca775ced62) Importer(815301076,1909f56bfc062723c751e8b465ee728b)  -> (artifact id: '2d46ef64e8c3dcccb75b991e8273cb01') in 0.008277 seconds 
  Import took 0.011823 seconds .

========================================================================
Received Import Request.
  Time since last request: 16.165795 seconds.
  path: Assets/Prefabs/Alien3.prefab
  artifactKey: Guid(1c7da00a9f09b2546b9bf5313b23becd) Importer(815301076,1909f56bfc062723c751e8b465ee728b)
Start importing Assets/Prefabs/Alien3.prefab using Guid(1c7da00a9f09b2546b9bf5313b23becd) Importer(815301076,1909f56bfc062723c751e8b465ee728b)  -> (artifact id: '0a99fa0ff2bf691e34e1a0483392dcbc') in 0.007940 seconds 
  Import took 0.011397 seconds .

========================================================================
Received Import Request.
  Time since last request: 2.276057 seconds.
  path: Assets/Prefabs/Alien3.prefab
  artifactKey: Guid(1c7da00a9f09b2546b9bf5313b23becd) Importer(815301076,1909f56bfc062723c751e8b465ee728b)
Start importing Assets/Prefabs/Alien3.prefab using Guid(1c7da00a9f09b2546b9bf5313b23becd) Importer(815301076,1909f56bfc062723c751e8b465ee728b)  -> (artifact id: '0a6cb2d92c314f2cb28d69b6d6ab1d23') in 0.008573 seconds 
  Import took 0.012000 seconds .

========================================================================
Received Import Request.
  Time since last request: 12.950819 seconds.
  path: Assets/Prefabs/Alien4.prefab
  artifactKey: Guid(c7b9f107142699a46b4df9e50a67206e) Importer(815301076,1909f56bfc062723c751e8b465ee728b)
Start importing Assets/Prefabs/Alien4.prefab using Guid(c7b9f107142699a46b4df9e50a67206e) Importer(815301076,1909f56bfc062723c751e8b465ee728b)  -> (artifact id: '4e2ed2bf9645374c5fe31be591d64a0c') in 0.007696 seconds 
  Import took 0.011064 seconds .

========================================================================
Received Import Request.
  Time since last request: 2.917779 seconds.
  path: Assets/Prefabs/Alien4.prefab
  artifactKey: Guid(c7b9f107142699a46b4df9e50a67206e) Importer(815301076,1909f56bfc062723c751e8b465ee728b)
Start importing Assets/Prefabs/Alien4.prefab using Guid(c7b9f107142699a46b4df9e50a67206e) Importer(815301076,1909f56bfc062723c751e8b465ee728b)  -> (artifact id: '257275991171c899e2b0e2ffc6a8d715') in 0.008321 seconds 
  Import took 0.011773 seconds .

========================================================================
Received Import Request.
  Time since last request: 11.992517 seconds.
  path: Assets/Prefabs/Alien5.prefab
  artifactKey: Guid(bcc3adaa2a86e464ab5ab0015956f0a4) Importer(815301076,1909f56bfc062723c751e8b465ee728b)
Start importing Assets/Prefabs/Alien5.prefab using Guid(bcc3adaa2a86e464ab5ab0015956f0a4) Importer(815301076,1909f56bfc062723c751e8b465ee728b)  -> (artifact id: 'ec86a4e365aefaad5c77265b3c2f8ae3') in 0.008148 seconds 
  Import took 0.011709 seconds .

========================================================================
Received Import Request.
  Time since last request: 1.725569 seconds.
  path: Assets/Prefabs/Alien5.prefab
  artifactKey: Guid(bcc3adaa2a86e464ab5ab0015956f0a4) Importer(815301076,1909f56bfc062723c751e8b465ee728b)
Start importing Assets/Prefabs/Alien5.prefab using Guid(bcc3adaa2a86e464ab5ab0015956f0a4) Importer(815301076,1909f56bfc062723c751e8b465ee728b)  -> (artifact id: '1cd8d1d50becdee7d7da174a6a3c0506') in 0.009884 seconds 
  Import took 0.013311 seconds .

========================================================================
Received Prepare
Registering precompiled user dll's ...
Registered in 0.004157 seconds.
Begin MonoManager ReloadAssembly
Native extension for WindowsStandalone target not found
Native extension for WebGL target not found
Refreshing native plugins compatible for Editor in 0.53 ms, found 3 plugins.
Preloading 0 native plugins for Editor in 0.00 ms.
Mono: successfully reloaded assembly
- Completed reload, in  0.806 seconds
Domain Reload Profiling:
	ReloadAssembly (806ms)
		BeginReloadAssembly (94ms)
			ExecutionOrderSort (0ms)
			DisableScriptedObjects (5ms)
			BackupInstance (0ms)
			ReleaseScriptingObjects (0ms)
			CreateAndSetChildDomain (31ms)
		EndReloadAssembly (664ms)
			LoadAssemblies (71ms)
			RebuildTransferFunctionScriptingTraits (0ms)
			SetupTypeCache (239ms)
			ReleaseScriptCaches (1ms)
			RebuildScriptCaches (35ms)
			SetupLoadedEditorAssemblies (233ms)
				LogAssemblyErrors (0ms)
				InitializePlatformSupportModulesInManaged (4ms)
				SetLoadedEditorAssemblies (0ms)
				RefreshPlugins (1ms)
				BeforeProcessingInitializeOnLoad (51ms)
				ProcessInitializeOnLoadAttributes (167ms)
				ProcessInitializeOnLoadMethodAttributes (9ms)
				AfterProcessingInitializeOnLoad (2ms)
				EditorAssembliesLoaded (0ms)
			ExecutionOrderSort2 (0ms)
			AwakeInstancesAfterBackupRestoration (8ms)
Platform modules already initialized, skipping
Refreshing native plugins compatible for Editor in 0.49 ms, found 3 plugins.
Preloading 0 native plugins for Editor in 0.00 ms.
Unloading 2191 Unused Serialized files (Serialized files now loaded: 0)
System memory in use before: 98.5 MB.
System memory in use after: 98.6 MB.

Unloading 17 unused Assets to reduce memory usage. Loaded Objects now: 2653.
Total: 2.977100 ms (FindLiveObjects: 0.219200 ms CreateObjectMapping: 0.050500 ms MarkObjects: 2.682400 ms  DeleteObjects: 0.023800 ms)

AssetImportParameters requested are different than current active one (requested -> active):
  custom:framework-win-MediaFoundation: 216162199b28c13a410421893ffa2e32 -> 
  custom:video-decoder-ogg-theora: a1e56fd34408186e4bbccfd4996cb3dc -> 
  custom:container-muxer-webm: aa71ff27fc2769a1b78a27578f13a17b -> 
  custom:container-demuxer-webm: 4f35f7cbe854078d1ac9338744f61a02 -> 
  custom:container-demuxer-ogg: 62fdf1f143b41e24485cea50d1cbac27 -> 
  custom:video-encoder-webm-vp8: eb34c28f22e8b96e1ab97ce403110664 -> 
  custom:video-decoder-webm-vp8: 9c59270c3fd7afecdb556c50c9e8de78 -> 
  custom:audio-decoder-ogg-vorbis: bf7c407c2cedff20999df2af8eb42d56 -> 
  custom:audio-encoder-webm-vorbis: bf7c407c2cedff20999df2af8eb42d56 -> 
========================================================================
Received Prepare
Registering precompiled user dll's ...
Registered in 0.004085 seconds.
Begin MonoManager ReloadAssembly
Native extension for WindowsStandalone target not found
Native extension for WebGL target not found
Refreshing native plugins compatible for Editor in 0.62 ms, found 3 plugins.
Preloading 0 native plugins for Editor in 0.00 ms.
Mono: successfully reloaded assembly
- Completed reload, in  0.866 seconds
Domain Reload Profiling:
	ReloadAssembly (866ms)
		BeginReloadAssembly (104ms)
			ExecutionOrderSort (0ms)
			DisableScriptedObjects (6ms)
			BackupInstance (0ms)
			ReleaseScriptingObjects (0ms)
			CreateAndSetChildDomain (35ms)
		EndReloadAssembly (708ms)
			LoadAssemblies (81ms)
			RebuildTransferFunctionScriptingTraits (0ms)
			SetupTypeCache (259ms)
			ReleaseScriptCaches (1ms)
			RebuildScriptCaches (37ms)
			SetupLoadedEditorAssemblies (245ms)
				LogAssemblyErrors (0ms)
				InitializePlatformSupportModulesInManaged (5ms)
				SetLoadedEditorAssemblies (0ms)
				RefreshPlugins (1ms)
				BeforeProcessingInitializeOnLoad (52ms)
				ProcessInitializeOnLoadAttributes (176ms)
				ProcessInitializeOnLoadMethodAttributes (9ms)
				AfterProcessingInitializeOnLoad (2ms)
				EditorAssembliesLoaded (0ms)
			ExecutionOrderSort2 (0ms)
			AwakeInstancesAfterBackupRestoration (7ms)
Platform modules already initialized, skipping
Refreshing native plugins compatible for Editor in 0.55 ms, found 3 plugins.
Preloading 0 native plugins for Editor in 0.00 ms.
Unloading 2191 Unused Serialized files (Serialized files now loaded: 0)
System memory in use before: 98.5 MB.
System memory in use after: 98.6 MB.

Unloading 17 unused Assets to reduce memory usage. Loaded Objects now: 2655.
Total: 3.066900 ms (FindLiveObjects: 0.233900 ms CreateObjectMapping: 0.050600 ms MarkObjects: 2.758100 ms  DeleteObjects: 0.023100 ms)

AssetImportParameters requested are different than current active one (requested -> active):
  custom:framework-win-MediaFoundation: 216162199b28c13a410421893ffa2e32 -> 
  custom:video-decoder-ogg-theora: a1e56fd34408186e4bbccfd4996cb3dc -> 
  custom:container-muxer-webm: aa71ff27fc2769a1b78a27578f13a17b -> 
  custom:container-demuxer-webm: 4f35f7cbe854078d1ac9338744f61a02 -> 
  custom:container-demuxer-ogg: 62fdf1f143b41e24485cea50d1cbac27 -> 
  custom:video-encoder-webm-vp8: eb34c28f22e8b96e1ab97ce403110664 -> 
  custom:video-decoder-webm-vp8: 9c59270c3fd7afecdb556c50c9e8de78 -> 
  custom:audio-decoder-ogg-vorbis: bf7c407c2cedff20999df2af8eb42d56 -> 
  custom:audio-encoder-webm-vorbis: bf7c407c2cedff20999df2af8eb42d56 -> 
========================================================================
Received Import Request.
  Time since last request: 123.873348 seconds.
  path: ProjectSettings/TagManager.asset
  artifactKey: Guid(00000000000000003000000000000000) Importer(815301076,1909f56bfc062723c751e8b465ee728b)
Start importing ProjectSettings/TagManager.asset using Guid(00000000000000003000000000000000) Importer(815301076,1909f56bfc062723c751e8b465ee728b)  -> (artifact id: '882e30d0ef94f97f5879ef05b6ed60df') in 0.013010 seconds 
  Import took 0.016306 seconds .

========================================================================
Received Import Request.
  Time since last request: 8.634569 seconds.
  path: Assets/Prefabs/Shield.prefab
  artifactKey: Guid(97c4e976cfb003f48bb8b90845f1f00b) Importer(815301076,1909f56bfc062723c751e8b465ee728b)
Start importing Assets/Prefabs/Shield.prefab using Guid(97c4e976cfb003f48bb8b90845f1f00b) Importer(815301076,1909f56bfc062723c751e8b465ee728b)  -> (artifact id: 'ef796bc2b49828e3a8c97b3ab5a9f733') in 0.039970 seconds 
  Import took 0.043194 seconds .

========================================================================
Received Import Request.
  Time since last request: 18.529002 seconds.
  path: Assets/Prefabs/Shield.prefab
  artifactKey: Guid(97c4e976cfb003f48bb8b90845f1f00b) Importer(815301076,1909f56bfc062723c751e8b465ee728b)
Start importing Assets/Prefabs/Shield.prefab using Guid(97c4e976cfb003f48bb8b90845f1f00b) Importer(815301076,1909f56bfc062723c751e8b465ee728b)  -> (artifact id: 'de054fbe247e240b7593013e47d1f11f') in 0.008490 seconds 
  Import took 0.011956 seconds .

========================================================================
Received Prepare
Registering precompiled user dll's ...
Registered in 0.004509 seconds.
Begin MonoManager ReloadAssembly
Native extension for WindowsStandalone target not found
Native extension for WebGL target not found
Refreshing native plugins compatible for Editor in 0.58 ms, found 3 plugins.
Preloading 0 native plugins for Editor in 0.00 ms.
Mono: successfully reloaded assembly
- Completed reload, in  0.845 seconds
Domain Reload Profiling:
	ReloadAssembly (846ms)
		BeginReloadAssembly (95ms)
			ExecutionOrderSort (0ms)
			DisableScriptedObjects (5ms)
			BackupInstance (0ms)
			ReleaseScriptingObjects (0ms)
			CreateAndSetChildDomain (33ms)
		EndReloadAssembly (695ms)
			LoadAssemblies (75ms)
			RebuildTransferFunctionScriptingTraits (0ms)
			SetupTypeCache (249ms)
			ReleaseScriptCaches (1ms)
			RebuildScriptCaches (38ms)
			SetupLoadedEditorAssemblies (246ms)
				LogAssemblyErrors (0ms)
				InitializePlatformSupportModulesInManaged (4ms)
				SetLoadedEditorAssemblies (0ms)
				RefreshPlugins (1ms)
				BeforeProcessingInitializeOnLoad (54ms)
				ProcessInitializeOnLoadAttributes (175ms)
				ProcessInitializeOnLoadMethodAttributes (9ms)
				AfterProcessingInitializeOnLoad (2ms)
				EditorAssembliesLoaded (0ms)
			ExecutionOrderSort2 (0ms)
			AwakeInstancesAfterBackupRestoration (7ms)
Platform modules already initialized, skipping
Refreshing native plugins compatible for Editor in 0.55 ms, found 3 plugins.
Preloading 0 native plugins for Editor in 0.00 ms.
Unloading 2191 Unused Serialized files (Serialized files now loaded: 0)
System memory in use before: 98.6 MB.
System memory in use after: 98.7 MB.

Unloading 18 unused Assets to reduce memory usage. Loaded Objects now: 2658.
Total: 3.139300 ms (FindLiveObjects: 0.254800 ms CreateObjectMapping: 0.050800 ms MarkObjects: 2.808200 ms  DeleteObjects: 0.024300 ms)

AssetImportParameters requested are different than current active one (requested -> active):
  custom:framework-win-MediaFoundation: 216162199b28c13a410421893ffa2e32 -> 
  custom:video-decoder-ogg-theora: a1e56fd34408186e4bbccfd4996cb3dc -> 
  custom:container-muxer-webm: aa71ff27fc2769a1b78a27578f13a17b -> 
  custom:container-demuxer-webm: 4f35f7cbe854078d1ac9338744f61a02 -> 
  custom:container-demuxer-ogg: 62fdf1f143b41e24485cea50d1cbac27 -> 
  custom:video-encoder-webm-vp8: eb34c28f22e8b96e1ab97ce403110664 -> 
  custom:video-decoder-webm-vp8: 9c59270c3fd7afecdb556c50c9e8de78 -> 
  custom:audio-decoder-ogg-vorbis: bf7c407c2cedff20999df2af8eb42d56 -> 
  custom:audio-encoder-webm-vorbis: bf7c407c2cedff20999df2af8eb42d56 -> 
========================================================================
Received Import Request.
  Time since last request: 120.825015 seconds.
  path: Assets/Prefabs/Alien2.prefab
  artifactKey: Guid(7a4c6b12ec53a7a4bb0c4cca775ced62) Importer(815301076,1909f56bfc062723c751e8b465ee728b)
Start importing Assets/Prefabs/Alien2.prefab using Guid(7a4c6b12ec53a7a4bb0c4cca775ced62) Importer(815301076,1909f56bfc062723c751e8b465ee728b)  -> (artifact id: 'bdd7f68c744d9c486f69a5a72250410c') in 0.049740 seconds 
  Import took 0.053338 seconds .

========================================================================
Received Import Request.
  Time since last request: 0.000164 seconds.
  path: Assets/Prefabs/Alien5.prefab
  artifactKey: Guid(bcc3adaa2a86e464ab5ab0015956f0a4) Importer(815301076,1909f56bfc062723c751e8b465ee728b)
Start importing Assets/Prefabs/Alien5.prefab using Guid(bcc3adaa2a86e464ab5ab0015956f0a4) Importer(815301076,1909f56bfc062723c751e8b465ee728b)  -> (artifact id: 'a4dd6c8c37749cb222a8ae3cb7749f2e') in 0.012045 seconds 
  Import took 0.014849 seconds .

========================================================================
Received Import Request.
  Time since last request: 0.000161 seconds.
  path: Assets/Prefabs/Alien3.prefab
  artifactKey: Guid(1c7da00a9f09b2546b9bf5313b23becd) Importer(815301076,1909f56bfc062723c751e8b465ee728b)
Start importing Assets/Prefabs/Alien3.prefab using Guid(1c7da00a9f09b2546b9bf5313b23becd) Importer(815301076,1909f56bfc062723c751e8b465ee728b)  -> (artifact id: '144a889b50f780f0ab7209fd99768bd1') in 0.009292 seconds 
  Import took 0.012017 seconds .

========================================================================
Received Import Request.
  Time since last request: 0.000300 seconds.
  path: Assets/Prefabs/Alien4.prefab
  artifactKey: Guid(c7b9f107142699a46b4df9e50a67206e) Importer(815301076,1909f56bfc062723c751e8b465ee728b)
Start importing Assets/Prefabs/Alien4.prefab using Guid(c7b9f107142699a46b4df9e50a67206e) Importer(815301076,1909f56bfc062723c751e8b465ee728b)  -> (artifact id: '0f8f0754bafb79191ae11ffff8a2160c') in 0.013733 seconds 
  Import took 0.017107 seconds .

========================================================================
Received Import Request.
  Time since last request: 281.825267 seconds.
  path: Assets/Prefabs/AlienBullet.prefab
  artifactKey: Guid(642cd50eb4a4d7c4aa421a5f78b1d055) Importer(815301076,1909f56bfc062723c751e8b465ee728b)
Start importing Assets/Prefabs/AlienBullet.prefab using Guid(642cd50eb4a4d7c4aa421a5f78b1d055) Importer(815301076,1909f56bfc062723c751e8b465ee728b)  -> (artifact id: '034f8b2e65b7b37bd39f7d58515fe26f') in 0.009538 seconds 
  Import took 0.013326 seconds .

========================================================================
Received Prepare
Registering precompiled user dll's ...
Registered in 0.004530 seconds.
Begin MonoManager ReloadAssembly
Native extension for WindowsStandalone target not found
Native extension for WebGL target not found
Refreshing native plugins compatible for Editor in 0.54 ms, found 3 plugins.
Preloading 0 native plugins for Editor in 0.00 ms.
Mono: successfully reloaded assembly
- Completed reload, in  0.818 seconds
Domain Reload Profiling:
	ReloadAssembly (819ms)
		BeginReloadAssembly (108ms)
			ExecutionOrderSort (0ms)
			DisableScriptedObjects (5ms)
			BackupInstance (0ms)
			ReleaseScriptingObjects (0ms)
			CreateAndSetChildDomain (33ms)
		EndReloadAssembly (660ms)
			LoadAssemblies (73ms)
			RebuildTransferFunctionScriptingTraits (0ms)
			SetupTypeCache (233ms)
			ReleaseScriptCaches (1ms)
			RebuildScriptCaches (35ms)
			SetupLoadedEditorAssemblies (237ms)
				LogAssemblyErrors (0ms)
				InitializePlatformSupportModulesInManaged (4ms)
				SetLoadedEditorAssemblies (0ms)
				RefreshPlugins (1ms)
				BeforeProcessingInitializeOnLoad (50ms)
				ProcessInitializeOnLoadAttributes (172ms)
				ProcessInitializeOnLoadMethodAttributes (9ms)
				AfterProcessingInitializeOnLoad (2ms)
				EditorAssembliesLoaded (0ms)
			ExecutionOrderSort2 (0ms)
			AwakeInstancesAfterBackupRestoration (8ms)
Platform modules already initialized, skipping
Refreshing native plugins compatible for Editor in 0.52 ms, found 3 plugins.
Preloading 0 native plugins for Editor in 0.00 ms.
Unloading 2191 Unused Serialized files (Serialized files now loaded: 0)
System memory in use before: 98.6 MB.
System memory in use after: 98.7 MB.

Unloading 17 unused Assets to reduce memory usage. Loaded Objects now: 2661.
Total: 3.066500 ms (FindLiveObjects: 0.198100 ms CreateObjectMapping: 0.051500 ms MarkObjects: 2.795600 ms  DeleteObjects: 0.020300 ms)

AssetImportParameters requested are different than current active one (requested -> active):
  custom:framework-win-MediaFoundation: 216162199b28c13a410421893ffa2e32 -> 
  custom:video-decoder-ogg-theora: a1e56fd34408186e4bbccfd4996cb3dc -> 
  custom:container-muxer-webm: aa71ff27fc2769a1b78a27578f13a17b -> 
  custom:container-demuxer-webm: 4f35f7cbe854078d1ac9338744f61a02 -> 
  custom:container-demuxer-ogg: 62fdf1f143b41e24485cea50d1cbac27 -> 
  custom:video-encoder-webm-vp8: eb34c28f22e8b96e1ab97ce403110664 -> 
  custom:video-decoder-webm-vp8: 9c59270c3fd7afecdb556c50c9e8de78 -> 
  custom:audio-decoder-ogg-vorbis: bf7c407c2cedff20999df2af8eb42d56 -> 
  custom:audio-encoder-webm-vorbis: bf7c407c2cedff20999df2af8eb42d56 -> 
========================================================================
Received Prepare
Registering precompiled user dll's ...
Registered in 0.004212 seconds.
Begin MonoManager ReloadAssembly
Native extension for WindowsStandalone target not found
Native extension for WebGL target not found
Refreshing native plugins compatible for Editor in 0.54 ms, found 3 plugins.
Preloading 0 native plugins for Editor in 0.00 ms.
Mono: successfully reloaded assembly
- Completed reload, in  0.815 seconds
Domain Reload Profiling:
	ReloadAssembly (816ms)
		BeginReloadAssembly (100ms)
			ExecutionOrderSort (0ms)
			DisableScriptedObjects (5ms)
			BackupInstance (0ms)
			ReleaseScriptingObjects (0ms)
			CreateAndSetChildDomain (31ms)
		EndReloadAssembly (667ms)
			LoadAssemblies (73ms)
			RebuildTransferFunctionScriptingTraits (0ms)
			SetupTypeCache (232ms)
			ReleaseScriptCaches (1ms)
			RebuildScriptCaches (36ms)
			SetupLoadedEditorAssemblies (240ms)
				LogAssemblyErrors (0ms)
				InitializePlatformSupportModulesInManaged (4ms)
				SetLoadedEditorAssemblies (0ms)
				RefreshPlugins (1ms)
				BeforeProcessingInitializeOnLoad (49ms)
				ProcessInitializeOnLoadAttributes (175ms)
				ProcessInitializeOnLoadMethodAttributes (9ms)
				AfterProcessingInitializeOnLoad (2ms)
				EditorAssembliesLoaded (0ms)
			ExecutionOrderSort2 (0ms)
			AwakeInstancesAfterBackupRestoration (7ms)
Platform modules already initialized, skipping
Refreshing native plugins compatible for Editor in 0.53 ms, found 3 plugins.
Preloading 0 native plugins for Editor in 0.00 ms.
Unloading 2191 Unused Serialized files (Serialized files now loaded: 0)
System memory in use before: 98.6 MB.
System memory in use after: 98.7 MB.

Unloading 17 unused Assets to reduce memory usage. Loaded Objects now: 2663.
Total: 2.933400 ms (FindLiveObjects: 0.201700 ms CreateObjectMapping: 0.049900 ms MarkObjects: 2.660500 ms  DeleteObjects: 0.020400 ms)

AssetImportParameters requested are different than current active one (requested -> active):
  custom:framework-win-MediaFoundation: 216162199b28c13a410421893ffa2e32 -> 
  custom:video-decoder-ogg-theora: a1e56fd34408186e4bbccfd4996cb3dc -> 
  custom:container-muxer-webm: aa71ff27fc2769a1b78a27578f13a17b -> 
  custom:container-demuxer-webm: 4f35f7cbe854078d1ac9338744f61a02 -> 
  custom:container-demuxer-ogg: 62fdf1f143b41e24485cea50d1cbac27 -> 
  custom:video-encoder-webm-vp8: eb34c28f22e8b96e1ab97ce403110664 -> 
  custom:video-decoder-webm-vp8: 9c59270c3fd7afecdb556c50c9e8de78 -> 
  custom:audio-decoder-ogg-vorbis: bf7c407c2cedff20999df2af8eb42d56 -> 
  custom:audio-encoder-webm-vorbis: bf7c407c2cedff20999df2af8eb42d56 -> 
AssetImportWorkerClient::OnTransportError - code=2 error=End of file
